0 info it worked if it ends with ok
1 verbose cli [ '/usr/local/bin/node', '/usr/local/bin/npm', 'run', 'deploy' ]
2 info using npm@3.8.9
3 info using node@v6.3.0
4 verbose run-script [ 'predeploy', 'deploy', 'postdeploy' ]
5 info lifecycle Polynect@1.0.0~predeploy: Polynect@1.0.0
6 silly lifecycle Polynect@1.0.0~predeploy: no script for predeploy, continuing
7 info lifecycle Polynect@1.0.0~deploy: Polynect@1.0.0
8 verbose lifecycle Polynect@1.0.0~deploy: unsafe-perm in lifecycle true
9 verbose lifecycle Polynect@1.0.0~deploy: PATH: /usr/local/lib/node_modules/npm/bin/node-gyp-bin:/Users/adamringhede/Documents/SoftwareProjects/polynect/node_modules/.bin:/usr/local/bin:/usr/local/cuda/bin:/Library/Frameworks/Python.framework/Versions/3.6/bin:/usr/local/Cellar/hadoop/2.7.2/libexec/bin:/Users/adamringhede/.gvm/bin:/usr/local/bin:/usr/bin:/bin:/usr/sbin:/sbin:/usr/local/go/bin:/Users/adamringhede/bin:/usr/local/share/spark/bin:/usr/local/share/scala/bin:/Users/adamringhede/go/bin
10 verbose lifecycle Polynect@1.0.0~deploy: CWD: /Users/adamringhede/Documents/SoftwareProjects/polynect
11 silly lifecycle Polynect@1.0.0~deploy: Args: [ '-c', 'npm run test && git push heroku master' ]
12 silly lifecycle Polynect@1.0.0~deploy: Returned: code: 1  signal: null
13 info lifecycle Polynect@1.0.0~deploy: Failed to exec deploy script
14 verbose stack Error: Polynect@1.0.0 deploy: `npm run test && git push heroku master`
14 verbose stack Exit status 1
14 verbose stack     at EventEmitter.<anonymous> (/usr/local/lib/node_modules/npm/lib/utils/lifecycle.js:245:16)
14 verbose stack     at emitTwo (events.js:106:13)
14 verbose stack     at EventEmitter.emit (events.js:191:7)
14 verbose stack     at ChildProcess.<anonymous> (/usr/local/lib/node_modules/npm/lib/utils/spawn.js:24:14)
14 verbose stack     at emitTwo (events.js:106:13)
14 verbose stack     at ChildProcess.emit (events.js:191:7)
14 verbose stack     at maybeClose (internal/child_process.js:852:16)
14 verbose stack     at Process.ChildProcess._handle.onexit (internal/child_process.js:215:5)
15 verbose pkgid Polynect@1.0.0
16 verbose cwd /Users/adamringhede/Documents/SoftwareProjects/polynect
17 error Darwin 16.0.0
18 error argv "/usr/local/bin/node" "/usr/local/bin/npm" "run" "deploy"
19 error node v6.3.0
20 error npm  v3.8.9
21 error code ELIFECYCLE
22 error Polynect@1.0.0 deploy: `npm run test && git push heroku master`
22 error Exit status 1
23 error Failed at the Polynect@1.0.0 deploy script 'npm run test && git push heroku master'.
23 error Make sure you have the latest version of node.js and npm installed.
23 error If you do, this is most likely a problem with the Polynect package,
23 error not with npm itself.
23 error Tell the author that this fails on your system:
23 error     npm run test && git push heroku master
23 error You can get information on how to open an issue for this project with:
23 error     npm bugs Polynect
23 error Or if that isn't available, you can get their info via:
23 error     npm owner ls Polynect
23 error There is likely additional logging output above.
24 verbose exit [ 1, true ]
